C:\USERS\ROBISON\DOCUMENTS\VISUAL STUDIO 2010\PROJECTS\BLOCKINGQUEUE\BLOCKINGQUEUE\DEBUG\BLOCKINGQUEUE.EXE.EMBED.MANIFEST
C:\USERS\ROBISON\DOCUMENTS\VISUAL STUDIO 2010\PROJECTS\BLOCKINGQUEUE\BLOCKINGQUEUE\DEBUG\BLOCKINGQUEUE.EXE.EMBED.MANIFEST.RES
C:\USERS\ROBISON\DOCUMENTS\VISUAL STUDIO 2010\PROJECTS\BLOCKINGQUEUE\BLOCKINGQUEUE\DEBUG\BLOCKINGQUEUE.EXE.INTERMEDIATE.MANIFEST
C:\Users\robison\Documents\Visual Studio 2010\Projects\BlockingQueue\BlockingQueue\Debug\BlockingQueue_manifest.rc
C:\Users\robison\Documents\Visual Studio 2010\Projects\BlockingQueue\BlockingQueue\Debug\cl.command.1.tlog
C:\Users\robison\Documents\Visual Studio 2010\Projects\BlockingQueue\BlockingQueue\Debug\CL.read.1.tlog
C:\Users\robison\Documents\Visual Studio 2010\Projects\BlockingQueue\BlockingQueue\Debug\CL.write.1.tlog
C:\USERS\ROBISON\DOCUMENTS\VISUAL STUDIO 2010\PROJECTS\BLOCKINGQUEUE\BLOCKINGQUEUE\DEBUG\DRIVER.OBJ
C:\Users\robison\Documents\Visual Studio 2010\Projects\BlockingQueue\BlockingQueue\Debug\link.1148.read.1.tlog
C:\Users\robison\Documents\Visual Studio 2010\Projects\BlockingQueue\BlockingQueue\Debug\link.1148.write.1.tlog
C:\Users\robison\Documents\Visual Studio 2010\Projects\BlockingQueue\BlockingQueue\Debug\link.1148-cvtres.read.1.tlog
C:\Users\robison\Documents\Visual Studio 2010\Projects\BlockingQueue\BlockingQueue\Debug\link.1148-cvtres.write.1.tlog
C:\Users\robison\Documents\Visual Studio 2010\Projects\BlockingQueue\BlockingQueue\Debug\link.1572.read.1.tlog
C:\Users\robison\Documents\Visual Studio 2010\Projects\BlockingQueue\BlockingQueue\Debug\link.1572.write.1.tlog
C:\Users\robison\Documents\Visual Studio 2010\Projects\BlockingQueue\BlockingQueue\Debug\link.1572-cvtres.read.1.tlog
C:\Users\robison\Documents\Visual Studio 2010\Projects\BlockingQueue\BlockingQueue\Debug\link.1572-cvtres.write.1.tlog
C:\Users\robison\Documents\Visual Studio 2010\Projects\BlockingQueue\BlockingQueue\Debug\link.2716.read.1.tlog
C:\Users\robison\Documents\Visual Studio 2010\Projects\BlockingQueue\BlockingQueue\Debug\link.2716.write.1.tlog
C:\Users\robison\Documents\Visual Studio 2010\Projects\BlockingQueue\BlockingQueue\Debug\link.2716-cvtres.read.1.tlog
C:\Users\robison\Documents\Visual Studio 2010\Projects\BlockingQueue\BlockingQueue\Debug\link.2716-cvtres.write.1.tlog
C:\Users\robison\Documents\Visual Studio 2010\Projects\BlockingQueue\BlockingQueue\Debug\link.6616.read.1.tlog
C:\Users\robison\Documents\Visual Studio 2010\Projects\BlockingQueue\BlockingQueue\Debug\link.6616.write.1.tlog
C:\Users\robison\Documents\Visual Studio 2010\Projects\BlockingQueue\BlockingQueue\Debug\link.6616-cvtres.read.1.tlog
C:\Users\robison\Documents\Visual Studio 2010\Projects\BlockingQueue\BlockingQueue\Debug\link.6616-cvtres.write.1.tlog
C:\Users\robison\Documents\Visual Studio 2010\Projects\BlockingQueue\BlockingQueue\Debug\link.command.1.tlog
C:\Users\robison\Documents\Visual Studio 2010\Projects\BlockingQueue\BlockingQueue\Debug\link.read.1.tlog
C:\Users\robison\Documents\Visual Studio 2010\Projects\BlockingQueue\BlockingQueue\Debug\link.write.1.tlog
C:\Users\robison\Documents\Visual Studio 2010\Projects\BlockingQueue\BlockingQueue\Debug\link-cvtres.read.1.tlog
C:\Users\robison\Documents\Visual Studio 2010\Projects\BlockingQueue\BlockingQueue\Debug\link-cvtres.write.1.tlog
C:\Users\robison\Documents\Visual Studio 2010\Projects\BlockingQueue\BlockingQueue\Debug\mt.command.1.tlog
C:\Users\robison\Documents\Visual Studio 2010\Projects\BlockingQueue\BlockingQueue\Debug\mt.read.1.tlog
C:\Users\robison\Documents\Visual Studio 2010\Projects\BlockingQueue\BlockingQueue\Debug\mt.write.1.tlog
C:\Users\robison\Documents\Visual Studio 2010\Projects\BlockingQueue\BlockingQueue\Debug\rc.command.1.tlog
C:\Users\robison\Documents\Visual Studio 2010\Projects\BlockingQueue\BlockingQueue\Debug\rc.read.1.tlog
C:\Users\robison\Documents\Visual Studio 2010\Projects\BlockingQueue\BlockingQueue\Debug\rc.write.1.tlog
C:\Users\robison\Documents\Visual Studio 2010\Projects\BlockingQueue\BlockingQueue\Debug\vc100.idb
C:\USERS\ROBISON\DOCUMENTS\VISUAL STUDIO 2010\PROJECTS\BLOCKINGQUEUE\BLOCKINGQUEUE\DEBUG\VC100.PDB
C:\USERS\ROBISON\DOCUMENTS\VISUAL STUDIO 2010\PROJECTS\BLOCKINGQUEUE\DEBUG\BLOCKINGQUEUE.EXE
C:\USERS\ROBISON\DOCUMENTS\VISUAL STUDIO 2010\PROJECTS\BLOCKINGQUEUE\DEBUG\BLOCKINGQUEUE.ILK
C:\USERS\ROBISON\DOCUMENTS\VISUAL STUDIO 2010\PROJECTS\BLOCKINGQUEUE\DEBUG\BLOCKINGQUEUE.PDB
